==21283== Memcheck, a memory error detector
==21283== Copyright (C) 2002-2017, and GNU GPL'd, by Julian Seward et al.
==21283== Using Valgrind-3.13.0 and LibVEX; rerun with -h for copyright info
==21283== Command: /rhome/h/hhamzic1/workspace/ASP/PZ2/Z1/.runme
==21283== Parent PID: 21266
==21283== 
==21283== 
==21283== HEAP SUMMARY:
==21283==     in use at exit: 82,024 bytes in 199 blocks
==21283==   total heap usage: 204 allocs, 5 frees, 154,768 bytes allocated
==21283== 
==21283== 1,600 (32 direct, 1,568 indirect) bytes in 1 blocks are definitely lost in loss record 7 of 9
==21283==    at 0x4C3017F: operator new(unsigned long) (in /usr/lib/valgrind/vgpreload_memcheck-amd64-linux.so)
==21283==    by 0x1093BB: testic(bool) (main.cpp:462)
==21283==    by 0x109860: main (main.cpp:537)
==21283== 
==21283== 80,424 (32 direct, 80,392 indirect) bytes in 1 blocks are definitely lost in loss record 9 of 9
==21283==    at 0x4C3017F: operator new(unsigned long) (in /usr/lib/valgrind/vgpreload_memcheck-amd64-linux.so)
==21283==    by 0x1093A0: testic(bool) (main.cpp:461)
==21283==    by 0x10982A: main (main.cpp:536)
==21283== 
==21283== LEAK SUMMARY:
==21283==    definitely lost: 64 bytes in 2 blocks
==21283==    indirectly lost: 81,960 bytes in 197 blocks
==21283==      possibly lost: 0 bytes in 0 blocks
==21283==    still reachable: 0 bytes in 0 blocks
==21283==         suppressed: 0 bytes in 0 blocks
==21283== 
==21283== For counts of detected and suppressed errors, rerun with: -v
==21283== ERROR SUMMARY: 2 errors from 2 contexts (suppressed: 0 from 0)
