==12608== Memcheck, a memory error detector
==12608== Copyright (C) 2002-2017, and GNU GPL'd, by Julian Seward et al.
==12608== Using Valgrind-3.13.0 and LibVEX; rerun with -h for copyright info
==12608== Command: /rhome/h/hhamzic1/workspace/OR/Z4/Z4/.runme
==12608== Parent PID: 12588
==12608== 
==12608== 
==12608== Process terminating with default action of signal 1 (SIGHUP)
==12608==    at 0x514E07F: read (read.c:27)
==12608==    by 0x50CB147: _IO_file_underflow@@GLIBC_2.2.5 (fileops.c:531)
==12608==    by 0x50CC3F1: _IO_default_uflow (genops.c:380)
==12608==    by 0x50A9BE9: _IO_vfscanf (vfscanf.c:630)
==12608==    by 0x50B9FD7: __isoc99_scanf (isoc99_scanf.c:37)
==12608==    by 0x10882A: main (main.c:24)
==12608== 
==12608== HEAP SUMMARY:
==12608==     in use at exit: 0 bytes in 0 blocks
==12608==   total heap usage: 1 allocs, 1 frees, 1,024 bytes allocated
==12608== 
==12608== All heap blocks were freed -- no leaks are possible
==12608== 
==12608== For counts of detected and suppressed errors, rerun with: -v
==12608== ERROR SUMMARY: 0 errors from 0 contexts (suppressed: 0 from 0)
