==11156== Memcheck, a memory error detector
==11156== Copyright (C) 2002-2017, and GNU GPL'd, by Julian Seward et al.
==11156== Using Valgrind-3.13.0 and LibVEX; rerun with -h for copyright info
==11156== Command: /rhome/h/hhamzic1/workspace/TP/T5/Z6/.runme
==11156== Parent PID: 11134
==11156== 
==11156== 
==11156== Process terminating with default action of signal 1 (SIGHUP)
==11156==    at 0x56EF081: read (read.c:27)
==11156==    by 0x566C147: _IO_file_underflow@@GLIBC_2.2.5 (fileops.c:531)
==11156==    by 0x566D3F1: _IO_default_uflow (genops.c:380)
==11156==    by 0x512B95C: __gnu_cxx::stdio_sync_filebuf<char, std::char_traits<char> >::underflow() (in /usr/lib/x86_64-linux-gnu/libstdc++.so.6.0.25)
==11156==    by 0x5139739: std::istream::sentry::sentry(std::istream&, bool) (in /usr/lib/x86_64-linux-gnu/libstdc++.so.6.0.25)
==11156==    by 0x513996D: std::istream::operator>>(int&) (in /usr/lib/x86_64-linux-gnu/libstdc++.so.6.0.25)
==11156==    by 0x108D17: main (main.cpp:28)
==11156== 
==11156== HEAP SUMMARY:
==11156==     in use at exit: 0 bytes in 0 blocks
==11156==   total heap usage: 2 allocs, 2 frees, 73,728 bytes allocated
==11156== 
==11156== All heap blocks were freed -- no leaks are possible
==11156== 
==11156== For counts of detected and suppressed errors, rerun with: -v
==11156== ERROR SUMMARY: 0 errors from 0 contexts (suppressed: 0 from 0)
