==20350== Memcheck, a memory error detector
==20350== Copyright (C) 2002-2017, and GNU GPL'd, by Julian Seward et al.
==20350== Using Valgrind-3.13.0 and LibVEX; rerun with -h for copyright info
==20350== Command: /rhome/h/hhamzic1/workspace/TP/Z1/Z1/.runme
==20350== Parent PID: 20335
==20350== 
==20350== 
==20350== Process terminating with default action of signal 24 (SIGXCPU): dumping core
==20350==    at 0x108EF6: PalindromskaOtpornost(std::vector<int, std::allocator<int> >) (main.cpp:22)
==20350==    by 0x109088: main (main.cpp:60)
==20350== 
==20350== HEAP SUMMARY:
==20350==     in use at exit: 8 bytes in 2 blocks
==20350==   total heap usage: 4 allocs, 2 frees, 73,736 bytes allocated
==20350== 
==20350== LEAK SUMMARY:
==20350==    definitely lost: 0 bytes in 0 blocks
==20350==    indirectly lost: 0 bytes in 0 blocks
==20350==      possibly lost: 0 bytes in 0 blocks
==20350==    still reachable: 8 bytes in 2 blocks
==20350==         suppressed: 0 bytes in 0 blocks
==20350== Reachable blocks (those to which a pointer was found) are not shown.
==20350== To see them, rerun with: --leak-check=full --show-leak-kinds=all
==20350== 
==20350== For counts of detected and suppressed errors, rerun with: -v
==20350== ERROR SUMMARY: 0 errors from 0 contexts (suppressed: 0 from 0)
