==1251== Memcheck, a memory error detector
==1251== Copyright (C) 2002-2017, and GNU GPL'd, by Julian Seward et al.
==1251== Using Valgrind-3.13.0 and LibVEX; rerun with -h for copyright info
==1251== Command: /rhome/h/hhamzic1/workspace/TP/T11/Z4/.runme
==1251== Parent PID: 1224
==1251== 
==1251== 
==1251== Process terminating with default action of signal 1 (SIGHUP)
==1251==    at 0x56EF081: read (read.c:27)
==1251==    by 0x566C147: _IO_file_underflow@@GLIBC_2.2.5 (fileops.c:531)
==1251==    by 0x566D3F1: _IO_default_uflow (genops.c:380)
==1251==    by 0x512B95C: __gnu_cxx::stdio_sync_filebuf<char, std::char_traits<char> >::underflow() (in /usr/lib/x86_64-linux-gnu/libstdc++.so.6.0.25)
==1251==    by 0x50E8A38: std::istream::getline(char*, long, char) (in /usr/lib/x86_64-linux-gnu/libstdc++.so.6.0.25)
==1251==    by 0x109B61: main (main.cpp:210)
==1251== 
==1251== HEAP SUMMARY:
==1251==     in use at exit: 336 bytes in 7 blocks
==1251==   total heap usage: 9 allocs, 2 frees, 74,064 bytes allocated
==1251== 
==1251== LEAK SUMMARY:
==1251==    definitely lost: 0 bytes in 0 blocks
==1251==    indirectly lost: 0 bytes in 0 blocks
==1251==      possibly lost: 0 bytes in 0 blocks
==1251==    still reachable: 336 bytes in 7 blocks
==1251==         suppressed: 0 bytes in 0 blocks
==1251== Reachable blocks (those to which a pointer was found) are not shown.
==1251== To see them, rerun with: --leak-check=full --show-leak-kinds=all
==1251== 
==1251== For counts of detected and suppressed errors, rerun with: -v
==1251== ERROR SUMMARY: 0 errors from 0 contexts (suppressed: 0 from 0)
