==18011== Memcheck, a memory error detector
==18011== Copyright (C) 2002-2017, and GNU GPL'd, by Julian Seward et al.
==18011== Using Valgrind-3.13.0 and LibVEX; rerun with -h for copyright info
==18011== Command: /rhome/h/hhamzic1/workspace/TP/Z2/Z1/.runme
==18011== Parent PID: 17992
==18011== 
==18011== 
==18011== Process terminating with default action of signal 1 (SIGHUP)
==18011==    at 0x54D7081: read (read.c:27)
==18011==    by 0x5454147: _IO_file_underflow@@GLIBC_2.2.5 (fileops.c:531)
==18011==    by 0x54553F1: _IO_default_uflow (genops.c:380)
==18011==    by 0x512B95C: __gnu_cxx::stdio_sync_filebuf<char, std::char_traits<char> >::underflow() (in /usr/lib/x86_64-linux-gnu/libstdc++.so.6.0.25)
==18011==    by 0x5139739: std::istream::sentry::sentry(std::istream&, bool) (in /usr/lib/x86_64-linux-gnu/libstdc++.so.6.0.25)
==18011==    by 0x513B01A: std::basic_istream<char, std::char_traits<char> >& std::operator>><char, std::char_traits<char> >(std::basic_istream<char, std::char_traits<char> >&, char&) (in /usr/lib/x86_64-linux-gnu/libstdc++.so.6.0.25)
==18011==    by 0x10922E: UnosKomande(Komande&, int&, KodoviGresaka&) (main.cpp:116)
==18011==    by 0x10962D: main (main.cpp:287)
==18011== 
==18011== HEAP SUMMARY:
==18011==     in use at exit: 0 bytes in 0 blocks
==18011==   total heap usage: 2 allocs, 2 frees, 73,728 bytes allocated
==18011== 
==18011== All heap blocks were freed -- no leaks are possible
==18011== 
==18011== For counts of detected and suppressed errors, rerun with: -v
==18011== ERROR SUMMARY: 0 errors from 0 contexts (suppressed: 0 from 0)
