==5870== Memcheck, a memory error detector
==5870== Copyright (C) 2002-2017, and GNU GPL'd, by Julian Seward et al.
==5870== Using Valgrind-3.13.0 and LibVEX; rerun with -h for copyright info
==5870== Command: /rhome/h/hhamzic1/workspace/TP/T8/Z3/.runme
==5870== Parent PID: 5838
==5870== 
==5870== Conditional jump or move depends on uninitialised value(s)
==5870==    at 0x1091CB: main (main.cpp:26)
==5870== 
==5870== Conditional jump or move depends on uninitialised value(s)
==5870==    at 0x4C3084C: operator new[](unsigned long) (in /usr/lib/valgrind/vgpreload_memcheck-amd64-linux.so)
==5870==    by 0x1091DC: main (main.cpp:26)
==5870== 
==5870== Conditional jump or move depends on uninitialised value(s)
==5870==    at 0x1091F1: main (main.cpp:26)
==5870== 
==5870== Conditional jump or move depends on uninitialised value(s)
==5870==    at 0x1092EB: UnesiUcenike(Ucenik**, int) (main.cpp:47)
==5870==    by 0x109218: main (main.cpp:28)
==5870== 
==5870== Conditional jump or move depends on uninitialised value(s)
==5870==    at 0x109585: ObradiUcenike(Ucenik**, int) (main.cpp:81)
==5870==    by 0x109229: main (main.cpp:35)
==5870== 
==5870== Conditional jump or move depends on uninitialised value(s)
==5870==    at 0x109983: void std::__sort<Ucenik**, __gnu_cxx::__ops::_Iter_comp_iter<ObradiUcenike(Ucenik**, int)::{lambda(Ucenik const*, Ucenik const*)#1}> >(Ucenik**, __gnu_cxx::__ops::_Iter_comp_iter<ObradiUcenike(Ucenik**, int)::{lambda(Ucenik const*, Ucenik const*)#1}>, __gnu_cxx::__ops::_Iter_comp_iter<ObradiUcenike(Ucenik**, int)::{lambda(Ucenik const*, Ucenik const*)#1}>) (stl_algo.h:1966)
==5870==    by 0x1098F9: void std::sort<Ucenik**, ObradiUcenike(Ucenik**, int)::{lambda(Ucenik const*, Ucenik const*)#1}>(Ucenik**, ObradiUcenike(Ucenik**, int)::{lambda(Ucenik const*, Ucenik const*)#1}, ObradiUcenike(Ucenik**, int)::{lambda(Ucenik const*, Ucenik const*)#1}) (stl_algo.h:4868)
==5870==    by 0x1095D3: ObradiUcenike(Ucenik**, int) (main.cpp:83)
==5870==    by 0x109229: main (main.cpp:35)
==5870== 
==5870== 
==5870== Process terminating with default action of signal 1 (SIGHUP)
==5870==    at 0x56EF152: write (write.c:27)
==5870==    by 0x566A1BC: _IO_file_write@@GLIBC_2.2.5 (fileops.c:1203)
==5870==    by 0x566BF50: new_do_write (fileops.c:457)
==5870==    by 0x566BF50: _IO_do_write@@GLIBC_2.2.5 (fileops.c:433)
==5870==    by 0x566C402: _IO_file_overflow@@GLIBC_2.2.5 (fileops.c:798)
==5870==    by 0x5151999: std::ostream::put(char) (in /usr/lib/x86_64-linux-gnu/libstdc++.so.6.0.25)
==5870==    by 0x5151B9E: std::basic_ostream<char, std::char_traits<char> >& std::endl<char, std::char_traits<char> >(std::basic_ostream<char, std::char_traits<char> >&) (in /usr/lib/x86_64-linux-gnu/libstdc++.so.6.0.25)
==5870==    by 0x1096BB: IspisiIzvjestaj(Ucenik**, int) (main.cpp:104)
==5870==    by 0x10923A: main (main.cpp:36)
==5870== 
==5870== HEAP SUMMARY:
==5870==     in use at exit: 0 bytes in 1 blocks
==5870==   total heap usage: 3 allocs, 2 frees, 73,728 bytes allocated
==5870== 
==5870== LEAK SUMMARY:
==5870==    definitely lost: 0 bytes in 0 blocks
==5870==    indirectly lost: 0 bytes in 0 blocks
==5870==      possibly lost: 0 bytes in 0 blocks
==5870==    still reachable: 0 bytes in 1 blocks
==5870==         suppressed: 0 bytes in 0 blocks
==5870== Reachable blocks (those to which a pointer was found) are not shown.
==5870== To see them, rerun with: --leak-check=full --show-leak-kinds=all
==5870== 
==5870== For counts of detected and suppressed errors, rerun with: -v
==5870== Use --track-origins=yes to see where uninitialised values come from
==5870== ERROR SUMMARY: 6 errors from 6 contexts (suppressed: 0 from 0)
