==8923== Memcheck, a memory error detector
==8923== Copyright (C) 2002-2017, and GNU GPL'd, by Julian Seward et al.
==8923== Using Valgrind-3.13.0 and LibVEX; rerun with -h for copyright info
==8923== Command: /rhome/h/hhamzic1/workspace/TP/T12/Z2/.runme
==8923== Parent PID: 8916
==8923== 
==8923== 
==8923== Process terminating with default action of signal 1 (SIGHUP)
==8923==    at 0x54ED152: write (write.c:27)
==8923==    by 0x54681BC: _IO_file_write@@GLIBC_2.2.5 (fileops.c:1203)
==8923==    by 0x5469F50: new_do_write (fileops.c:457)
==8923==    by 0x5469F50: _IO_do_write@@GLIBC_2.2.5 (fileops.c:433)
==8923==    by 0x5467787: _IO_file_sync@@GLIBC_2.2.5 (fileops.c:813)
==8923==    by 0x545B87C: fflush (iofflush.c:40)
==8923==    by 0x4F4ED7D: std::ostream::flush() (in /usr/lib/x86_64-linux-gnu/libstdc++.so.6.0.25)
==8923==    by 0x1090CB: main (main.cpp:95)
==8923== 
==8923== HEAP SUMMARY:
==8923==     in use at exit: 640 bytes in 16 blocks
==8923==   total heap usage: 18 allocs, 2 frees, 77,440 bytes allocated
==8923== 
==8923== LEAK SUMMARY:
==8923==    definitely lost: 0 bytes in 0 blocks
==8923==    indirectly lost: 0 bytes in 0 blocks
==8923==      possibly lost: 0 bytes in 0 blocks
==8923==    still reachable: 640 bytes in 16 blocks
==8923==         suppressed: 0 bytes in 0 blocks
==8923== Reachable blocks (those to which a pointer was found) are not shown.
==8923== To see them, rerun with: --leak-check=full --show-leak-kinds=all
==8923== 
==8923== For counts of detected and suppressed errors, rerun with: -v
==8923== ERROR SUMMARY: 0 errors from 0 contexts (suppressed: 0 from 0)
