==2438== Memcheck, a memory error detector
==2438== Copyright (C) 2002-2017, and GNU GPL'd, by Julian Seward et al.
==2438== Using Valgrind-3.13.0 and LibVEX; rerun with -h for copyright info
==2438== Command: /rhome/h/hhamzic1/workspace/TP/T13/Z1/.runme
==2438== Parent PID: 2416
==2438== 
==2438== Conditional jump or move depends on uninitialised value(s)
==2438==    at 0x10BC99: std::_Vector_base<std::shared_ptr<Lik>, std::allocator<std::shared_ptr<Lik> > >::_M_allocate(unsigned long) (stl_vector.h:172)
==2438==    by 0x10B898: std::_Vector_base<std::shared_ptr<Lik>, std::allocator<std::shared_ptr<Lik> > >::_M_create_storage(unsigned long) (stl_vector.h:187)
==2438==    by 0x10B290: std::_Vector_base<std::shared_ptr<Lik>, std::allocator<std::shared_ptr<Lik> > >::_Vector_base(unsigned long, std::allocator<std::shared_ptr<Lik> > const&) (stl_vector.h:138)
==2438==    by 0x10AD15: std::vector<std::shared_ptr<Lik>, std::allocator<std::shared_ptr<Lik> > >::vector(unsigned long, std::allocator<std::shared_ptr<Lik> > const&) (stl_vector.h:284)
==2438==    by 0x109C66: main (main.cpp:90)
==2438== 
==2438== Conditional jump or move depends on uninitialised value(s)
==2438==    at 0x10C6E1: __gnu_cxx::new_allocator<std::shared_ptr<Lik> >::allocate(unsigned long, void const*) (new_allocator.h:101)
==2438==    by 0x10C0C6: std::allocator_traits<std::allocator<std::shared_ptr<Lik> > >::allocate(std::allocator<std::shared_ptr<Lik> >&, unsigned long) (alloc_traits.h:436)
==2438==    by 0x10BCAD: std::_Vector_base<std::shared_ptr<Lik>, std::allocator<std::shared_ptr<Lik> > >::_M_allocate(unsigned long) (stl_vector.h:172)
==2438==    by 0x10B898: std::_Vector_base<std::shared_ptr<Lik>, std::allocator<std::shared_ptr<Lik> > >::_M_create_storage(unsigned long) (stl_vector.h:187)
==2438==    by 0x10B290: std::_Vector_base<std::shared_ptr<Lik>, std::allocator<std::shared_ptr<Lik> > >::_Vector_base(unsigned long, std::allocator<std::shared_ptr<Lik> > const&) (stl_vector.h:138)
==2438==    by 0x10AD15: std::vector<std::shared_ptr<Lik>, std::allocator<std::shared_ptr<Lik> > >::vector(unsigned long, std::allocator<std::shared_ptr<Lik> > const&) (stl_vector.h:284)
==2438==    by 0x109C66: main (main.cpp:90)
==2438== 
==2438== Conditional jump or move depends on uninitialised value(s)
==2438==    at 0x4C3012C: operator new(unsigned long) (in /usr/lib/valgrind/vgpreload_memcheck-amd64-linux.so)
==2438==    by 0x10C6F7: __gnu_cxx::new_allocator<std::shared_ptr<Lik> >::allocate(unsigned long, void const*) (new_allocator.h:111)
==2438==    by 0x10C0C6: std::allocator_traits<std::allocator<std::shared_ptr<Lik> > >::allocate(std::allocator<std::shared_ptr<Lik> >&, unsigned long) (alloc_traits.h:436)
==2438==    by 0x10BCAD: std::_Vector_base<std::shared_ptr<Lik>, std::allocator<std::shared_ptr<Lik> > >::_M_allocate(unsigned long) (stl_vector.h:172)
==2438==    by 0x10B898: std::_Vector_base<std::shared_ptr<Lik>, std::allocator<std::shared_ptr<Lik> > >::_M_create_storage(unsigned long) (stl_vector.h:187)
==2438==    by 0x10B290: std::_Vector_base<std::shared_ptr<Lik>, std::allocator<std::shared_ptr<Lik> > >::_Vector_base(unsigned long, std::allocator<std::shared_ptr<Lik> > const&) (stl_vector.h:138)
==2438==    by 0x10AD15: std::vector<std::shared_ptr<Lik>, std::allocator<std::shared_ptr<Lik> > >::vector(unsigned long, std::allocator<std::shared_ptr<Lik> > const&) (stl_vector.h:284)
==2438==    by 0x109C66: main (main.cpp:90)
==2438== 
**2438** new/new[] failed and should throw an exception, but Valgrind
**2438**    cannot throw exceptions and so is aborting instead.  Sorry.
==2438==    at 0x4C2F81C: ??? (in /usr/lib/valgrind/vgpreload_memcheck-amd64-linux.so)
==2438==    by 0x4C301F5: operator new(unsigned long) (in /usr/lib/valgrind/vgpreload_memcheck-amd64-linux.so)
==2438==    by 0x10C6F7: __gnu_cxx::new_allocator<std::shared_ptr<Lik> >::allocate(unsigned long, void const*) (new_allocator.h:111)
==2438==    by 0x10C0C6: std::allocator_traits<std::allocator<std::shared_ptr<Lik> > >::allocate(std::allocator<std::shared_ptr<Lik> >&, unsigned long) (alloc_traits.h:436)
==2438==    by 0x10BCAD: std::_Vector_base<std::shared_ptr<Lik>, std::allocator<std::shared_ptr<Lik> > >::_M_allocate(unsigned long) (stl_vector.h:172)
==2438==    by 0x10B898: std::_Vector_base<std::shared_ptr<Lik>, std::allocator<std::shared_ptr<Lik> > >::_M_create_storage(unsigned long) (stl_vector.h:187)
==2438==    by 0x10B290: std::_Vector_base<std::shared_ptr<Lik>, std::allocator<std::shared_ptr<Lik> > >::_Vector_base(unsigned long, std::allocator<std::shared_ptr<Lik> > const&) (stl_vector.h:138)
==2438==    by 0x10AD15: std::vector<std::shared_ptr<Lik>, std::allocator<std::shared_ptr<Lik> > >::vector(unsigned long, std::allocator<std::shared_ptr<Lik> > const&) (stl_vector.h:284)
==2438==    by 0x109C66: main (main.cpp:90)
==2438== 
==2438== HEAP SUMMARY:
==2438==     in use at exit: 0 bytes in 0 blocks
==2438==   total heap usage: 2 allocs, 2 frees, 73,728 bytes allocated
==2438== 
==2438== All heap blocks were freed -- no leaks are possible
==2438== 
==2438== For counts of detected and suppressed errors, rerun with: -v
==2438== Use --track-origins=yes to see where uninitialised values come from
==2438== ERROR SUMMARY: 3 errors from 3 contexts (suppressed: 0 from 0)
