==29031== Memcheck, a memory error detector
==29031== Copyright (C) 2002-2017, and GNU GPL'd, by Julian Seward et al.
==29031== Using Valgrind-3.13.0 and LibVEX; rerun with -h for copyright info
==29031== Command: /rhome/h/hhamzic1/workspace/TP/Z3/Z2/.runme
==29031== Parent PID: 28922
==29031== 
==29031== 
==29031== Process terminating with default action of signal 1 (SIGHUP)
==29031==    at 0x56EF152: write (write.c:27)
==29031==    by 0x566A1BC: _IO_file_write@@GLIBC_2.2.5 (fileops.c:1203)
==29031==    by 0x566AB2E: new_do_write (fileops.c:457)
==29031==    by 0x566AB2E: _IO_file_xsputn@@GLIBC_2.2.5 (fileops.c:1277)
==29031==    by 0x565E976: fwrite (iofwrite.c:39)
==29031==    by 0x5151E93: std::basic_ostream<char, std::char_traits<char> >& std::__ostream_insert<char, std::char_traits<char> >(std::basic_ostream<char, std::char_traits<char> >&, char const*, long) (in /usr/lib/x86_64-linux-gnu/libstdc++.so.6.0.25)
==29031==    by 0x5152206: std::basic_ostream<char, std::char_traits<char> >& std::operator<< <std::char_traits<char> >(std::basic_ostream<char, std::char_traits<char> >&, char const*) (in /usr/lib/x86_64-linux-gnu/libstdc++.so.6.0.25)
==29031==    by 0x10A097: main (main.cpp:89)
==29031== 
==29031== HEAP SUMMARY:
==29031==     in use at exit: 0 bytes in 0 blocks
==29031==   total heap usage: 2 allocs, 2 frees, 73,728 bytes allocated
==29031== 
==29031== All heap blocks were freed -- no leaks are possible
==29031== 
==29031== For counts of detected and suppressed errors, rerun with: -v
==29031== ERROR SUMMARY: 0 errors from 0 contexts (suppressed: 0 from 0)
