==30337== Memcheck, a memory error detector
==30337== Copyright (C) 2002-2017, and GNU GPL'd, by Julian Seward et al.
==30337== Using Valgrind-3.13.0 and LibVEX; rerun with -h for copyright info
==30337== Command: /rhome/h/hhamzic1/workspace/ASP/PZ6/Z1/.runme
==30337== Parent PID: 30330
==30337== 
==30337== 
==30337== HEAP SUMMARY:
==30337==     in use at exit: 40,000 bytes in 1 blocks
==30337==   total heap usage: 37 allocs, 36 frees, 140,196 bytes allocated
==30337== 
==30337== 40,000 bytes in 1 blocks are definitely lost in loss record 1 of 1
==30337==    at 0x4C3089F: operator new[](unsigned long) (in /usr/lib/valgrind/vgpreload_memcheck-amd64-linux.so)
==30337==    by 0x109906: ucitaj(std::__cxx11::basic_string<char, std::char_traits<char>, std::allocator<char> >, int*&, int&) (main.cpp:119)
==30337==    by 0x109B2B: funkcija() (main.cpp:136)
==30337==    by 0x10A076: main (main.cpp:210)
==30337== 
==30337== LEAK SUMMARY:
==30337==    definitely lost: 40,000 bytes in 1 blocks
==30337==    indirectly lost: 0 bytes in 0 blocks
==30337==      possibly lost: 0 bytes in 0 blocks
==30337==    still reachable: 0 bytes in 0 blocks
==30337==         suppressed: 0 bytes in 0 blocks
==30337== 
==30337== For counts of detected and suppressed errors, rerun with: -v
==30337== ERROR SUMMARY: 1 errors from 1 contexts (suppressed: 0 from 0)
