==26118== Memcheck, a memory error detector
==26118== Copyright (C) 2002-2017, and GNU GPL'd, by Julian Seward et al.
==26118== Using Valgrind-3.13.0 and LibVEX; rerun with -h for copyright info
==26118== Command: /rhome/h/hhamzic1/workspace/TP/Z3/Z1/.runme
==26118== Parent PID: 26086
==26118== 
==26118== Conditional jump or move depends on uninitialised value(s)
==26118==    at 0x109F07: main (main.cpp:104)
==26118== 
==26118== Conditional jump or move depends on uninitialised value(s)
==26118==    at 0x10A1AA: main (main.cpp:131)
==26118== 
==26118== 
==26118== Process terminating with default action of signal 1 (SIGHUP)
==26118==    at 0x5A8D152: write (write.c:27)
==26118==    by 0x5A081BC: _IO_file_write@@GLIBC_2.2.5 (fileops.c:1203)
==26118==    by 0x5A08B2E: new_do_write (fileops.c:457)
==26118==    by 0x5A08B2E: _IO_file_xsputn@@GLIBC_2.2.5 (fileops.c:1277)
==26118==    by 0x59FC976: fwrite (iofwrite.c:39)
==26118==    by 0x5151E93: std::basic_ostream<char, std::char_traits<char> >& std::__ostream_insert<char, std::char_traits<char> >(std::basic_ostream<char, std::char_traits<char> >&, char const*, long) (in /usr/lib/x86_64-linux-gnu/libstdc++.so.6.0.25)
==26118==    by 0x5152206: std::basic_ostream<char, std::char_traits<char> >& std::operator<< <std::char_traits<char> >(std::basic_ostream<char, std::char_traits<char> >&, char const*) (in /usr/lib/x86_64-linux-gnu/libstdc++.so.6.0.25)
==26118==    by 0x109ED8: main (main.cpp:99)
==26118== 
==26118== HEAP SUMMARY:
==26118==     in use at exit: 0 bytes in 0 blocks
==26118==   total heap usage: 2 allocs, 2 frees, 73,728 bytes allocated
==26118== 
==26118== All heap blocks were freed -- no leaks are possible
==26118== 
==26118== For counts of detected and suppressed errors, rerun with: -v
==26118== Use --track-origins=yes to see where uninitialised values come from
==26118== ERROR SUMMARY: 2 errors from 2 contexts (suppressed: 0 from 0)
