==21767== Memcheck, a memory error detector
==21767== Copyright (C) 2002-2017, and GNU GPL'd, by Julian Seward et al.
==21767== Using Valgrind-3.13.0 and LibVEX; rerun with -h for copyright info
==21767== Command: /rhome/h/hhamzic1/workspace/TP/T6/Z3/.runme
==21767== Parent PID: 21760
==21767== 
**21767** new/new[] failed and should throw an exception, but Valgrind
**21767**    cannot throw exceptions and so is aborting instead.  Sorry.
==21767==    at 0x4C2F81C: ??? (in /usr/lib/valgrind/vgpreload_memcheck-amd64-linux.so)
==21767==    by 0x4C30915: operator new[](unsigned long) (in /usr/lib/valgrind/vgpreload_memcheck-amd64-linux.so)
==21767==    by 0x109178: KreirajTrougao(int) (main.cpp:10)
==21767==    by 0x10943C: main (main.cpp:49)
==21767== 
==21767== HEAP SUMMARY:
==21767==     in use at exit: 0 bytes in 0 blocks
==21767==   total heap usage: 2 allocs, 2 frees, 73,728 bytes allocated
==21767== 
==21767== All heap blocks were freed -- no leaks are possible
==21767== 
==21767== For counts of detected and suppressed errors, rerun with: -v
==21767== ERROR SUMMARY: 0 errors from 0 contexts (suppressed: 0 from 0)
