[New LWP 16070]
Core was generated by `'.
Program terminated with signal SIGSEGV, Segmentation fault.
#0  0x000000000010c1da in ?? ()
#0  0x000000000010c1da in ?? ()
#1  0x0000000005d7fc80 in ?? ()
#2  0xf44402fdaca13900 in ?? ()
#3  0x0000001fff000810 in ?? ()
#4  0x000000000010c42f in ?? ()
#5  0x000037840000007b in ?? ()
#6  0x0000001fff000830 in ?? ()
#7  0x000037840000000b in ?? ()
#8  0x0000000005d7fd50 in ?? ()
#9  0x0000000005d7fe50 in ?? ()
#10 0x0000000005d7fd50 in ?? ()
#11 0x0000001fff000838 in ?? ()
#12 0xf44402fdaca13900 in ?? ()
#13 0x0000000000000008 in ?? ()
#14 0xf44402fdaca13900 in ?? ()
#15 0x0000000000000000 in ?? ()
