==17249== Memcheck, a memory error detector
==17249== Copyright (C) 2002-2017, and GNU GPL'd, by Julian Seward et al.
==17249== Using Valgrind-3.13.0 and LibVEX; rerun with -h for copyright info
==17249== Command: /rhome/h/hhamzic1/workspace/TP/Z4/Z1/.runme
==17249== Parent PID: 17225
==17249== 
==17249== 
==17249== Process terminating with default action of signal 1 (SIGHUP)
==17249==    at 0x5A8D081: read (read.c:27)
==17249==    by 0x5A0A147: _IO_file_underflow@@GLIBC_2.2.5 (fileops.c:531)
==17249==    by 0x5A0B3F1: _IO_default_uflow (genops.c:380)
==17249==    by 0x512B95C: __gnu_cxx::stdio_sync_filebuf<char, std::char_traits<char> >::underflow() (in /usr/lib/x86_64-linux-gnu/libstdc++.so.6.0.25)
==17249==    by 0x5139739: std::istream::sentry::sentry(std::istream&, bool) (in /usr/lib/x86_64-linux-gnu/libstdc++.so.6.0.25)
==17249==    by 0x513996D: std::istream::operator>>(int&) (in /usr/lib/x86_64-linux-gnu/libstdc++.so.6.0.25)
==17249==    by 0x10B986: main (main.cpp:231)
==17249== 
==17249== HEAP SUMMARY:
==17249==     in use at exit: 0 bytes in 0 blocks
==17249==   total heap usage: 2 allocs, 2 frees, 73,728 bytes allocated
==17249== 
==17249== All heap blocks were freed -- no leaks are possible
==17249== 
==17249== For counts of detected and suppressed errors, rerun with: -v
==17249== ERROR SUMMARY: 0 errors from 0 contexts (suppressed: 0 from 0)
