==8310== Memcheck, a memory error detector
==8310== Copyright (C) 2002-2017, and GNU GPL'd, by Julian Seward et al.
==8310== Using Valgrind-3.13.0 and LibVEX; rerun with -h for copyright info
==8310== Command: /rhome/h/hhamzic1/workspace/TP/T11/Z5/.runme
==8310== Parent PID: 8287
==8310== 
==8310== 
==8310== Process terminating with default action of signal 1 (SIGHUP)
==8310==    at 0x56EF081: read (read.c:27)
==8310==    by 0x566C147: _IO_file_underflow@@GLIBC_2.2.5 (fileops.c:531)
==8310==    by 0x566D3F1: _IO_default_uflow (genops.c:380)
==8310==    by 0x512B95C: __gnu_cxx::stdio_sync_filebuf<char, std::char_traits<char> >::underflow() (in /usr/lib/x86_64-linux-gnu/libstdc++.so.6.0.25)
==8310==    by 0x50E8A38: std::istream::getline(char*, long, char) (in /usr/lib/x86_64-linux-gnu/libstdc++.so.6.0.25)
==8310==    by 0x109F4E: main (main.cpp:147)
==8310== 
==8310== HEAP SUMMARY:
==8310==     in use at exit: 480 bytes in 7 blocks
==8310==   total heap usage: 11 allocs, 4 frees, 74,392 bytes allocated
==8310== 
==8310== LEAK SUMMARY:
==8310==    definitely lost: 0 bytes in 0 blocks
==8310==    indirectly lost: 0 bytes in 0 blocks
==8310==      possibly lost: 0 bytes in 0 blocks
==8310==    still reachable: 480 bytes in 7 blocks
==8310==         suppressed: 0 bytes in 0 blocks
==8310== Reachable blocks (those to which a pointer was found) are not shown.
==8310== To see them, rerun with: --leak-check=full --show-leak-kinds=all
==8310== 
==8310== For counts of detected and suppressed errors, rerun with: -v
==8310== ERROR SUMMARY: 0 errors from 0 contexts (suppressed: 0 from 0)
