==1250== Memcheck, a memory error detector
==1250== Copyright (C) 2002-2017, and GNU GPL'd, by Julian Seward et al.
==1250== Using Valgrind-3.13.0 and LibVEX; rerun with -h for copyright info
==1250== Command: /rhome/h/hhamzic1/workspace/TP/T2/Z2/.runme
==1250== Parent PID: 1226
==1250== 
==1250== 
==1250== Process terminating with default action of signal 1 (SIGHUP)
==1250==    at 0x56EF081: read (read.c:27)
==1250==    by 0x566C147: _IO_file_underflow@@GLIBC_2.2.5 (fileops.c:531)
==1250==    by 0x566D3F1: _IO_default_uflow (genops.c:380)
==1250==    by 0x512B95C: __gnu_cxx::stdio_sync_filebuf<char, std::char_traits<char> >::underflow() (in /usr/lib/x86_64-linux-gnu/libstdc++.so.6.0.25)
==1250==    by 0x5139739: std::istream::sentry::sentry(std::istream&, bool) (in /usr/lib/x86_64-linux-gnu/libstdc++.so.6.0.25)
==1250==    by 0x513BCCD: std::istream& std::istream::_M_extract<double>(double&) (in /usr/lib/x86_64-linux-gnu/libstdc++.so.6.0.25)
==1250==    by 0x108FDF: main (main.cpp:55)
==1250== 
==1250== HEAP SUMMARY:
==1250==     in use at exit: 0 bytes in 0 blocks
==1250==   total heap usage: 2 allocs, 2 frees, 73,728 bytes allocated
==1250== 
==1250== All heap blocks were freed -- no leaks are possible
==1250== 
==1250== For counts of detected and suppressed errors, rerun with: -v
==1250== ERROR SUMMARY: 0 errors from 0 contexts (suppressed: 0 from 0)
