==21978== Memcheck, a memory error detector
==21978== Copyright (C) 2002-2017, and GNU GPL'd, by Julian Seward et al.
==21978== Using Valgrind-3.13.0 and LibVEX; rerun with -h for copyright info
==21978== Command: /rhome/h/hhamzic1/workspace/OR/Z2/Z3/.runme
==21978== Parent PID: 21965
==21978== 
==21978== 
==21978== Process terminating with default action of signal 1 (SIGHUP)
==21978==    at 0x514E081: read (read.c:27)
==21978==    by 0x50CB147: _IO_file_underflow@@GLIBC_2.2.5 (fileops.c:531)
==21978==    by 0x50CC3F1: _IO_default_uflow (genops.c:380)
==21978==    by 0x50A9BE9: _IO_vfscanf (vfscanf.c:630)
==21978==    by 0x50B9FD7: __isoc99_scanf (isoc99_scanf.c:37)
==21978==    by 0x108780: main (main.c:10)
==21978== 
==21978== HEAP SUMMARY:
==21978==     in use at exit: 0 bytes in 0 blocks
==21978==   total heap usage: 1 allocs, 1 frees, 1,024 bytes allocated
==21978== 
==21978== All heap blocks were freed -- no leaks are possible
==21978== 
==21978== For counts of detected and suppressed errors, rerun with: -v
==21978== ERROR SUMMARY: 0 errors from 0 contexts (suppressed: 0 from 0)
