==21370== Memcheck, a memory error detector
==21370== Copyright (C) 2002-2017, and GNU GPL'd, by Julian Seward et al.
==21370== Using Valgrind-3.13.0 and LibVEX; rerun with -h for copyright info
==21370== Command: /rhome/h/hhamzic1/workspace/TP/T5/Z1/.runme
==21370== Parent PID: 21363
==21370== 
==21370== 
==21370== Process terminating with default action of signal 1 (SIGHUP)
==21370==    at 0x54D707F: read (read.c:27)
==21370==    by 0x5454147: _IO_file_underflow@@GLIBC_2.2.5 (fileops.c:531)
==21370==    by 0x54553F1: _IO_default_uflow (genops.c:380)
==21370==    by 0x10897E: unesi(char*, int) (main.cpp:15)
==21370==    by 0x1089FD: main (main.cpp:36)
==21370== 
==21370== HEAP SUMMARY:
==21370==     in use at exit: 0 bytes in 0 blocks
==21370==   total heap usage: 2 allocs, 2 frees, 73,728 bytes allocated
==21370== 
==21370== All heap blocks were freed -- no leaks are possible
==21370== 
==21370== For counts of detected and suppressed errors, rerun with: -v
==21370== ERROR SUMMARY: 0 errors from 0 contexts (suppressed: 0 from 0)
