[New LWP 20648]
Core was generated by `'.
Program terminated with signal SIGXCPU, CPU time limit exceeded.
#0  0x0000000000109cb1 in ?? ()
#0  0x0000000000109cb1 in ?? ()
#1  0x0000038400000000 in ?? ()
#2  0x0000000005f89310 in ?? ()
#3  0x0000001fff000824 in ?? ()
#4  0x0000001fff0008e0 in ?? ()
#5  0x0000001fff0005d0 in ?? ()
#6  0x0000000000109cf2 in ?? ()
#7  0x000009e800000000 in ?? ()
#8  0x0000000006372110 in ?? ()
#9  0x0000001fff000824 in ?? ()
#10 0x0000001fff0008e0 in ?? ()
#11 0x0000001fff000600 in ?? ()
#12 0x0000000000109d13 in ?? ()
#13 0x0000000005f81f90 in ?? ()
#14 0x0000000005f82e30 in ?? ()
#15 0x0000001fff000824 in ?? ()
#16 0x0000001fff0008e0 in ?? ()
#17 0x0000001fff000630 in ?? ()
#18 0x0000000000109cf2 in ?? ()
#19 0x0000001fff000650 in ?? ()
#20 0x0000000005f825f0 in ?? ()
#21 0x0000001fff000824 in ?? ()
#22 0x0000001fff0008e0 in ?? ()
#23 0x0000001fff000660 in ?? ()
#24 0x0000000000109d13 in ?? ()
#25 0x0000030b00000000 in ?? ()
#26 0x000000000636fe30 in ?? ()
#27 0x0000001fff000824 in ?? ()
#28 0x0000001fff0008e0 in ?? ()
#29 0x0000001fff000690 in ?? ()
#30 0x0000000000109d13 in ?? ()
#31 0x000009e800000000 in ?? ()
#32 0x0000000005f81ab0 in ?? ()
#33 0x0000001fff000824 in ?? ()
#34 0x0000001fff0008e0 in ?? ()
#35 0x0000001fff0006c0 in ?? ()
#36 0x0000000000109cf2 in ?? ()
#37 0x0000000005f81510 in ?? ()
#38 0x000000000636f350 in ?? ()
#39 0x0000001fff000824 in ?? ()
#40 0x0000001fff0008e0 in ?? ()
#41 0x0000001fff0006f0 in ?? ()
#42 0x0000000000109cf2 in ?? ()
#43 0x0000001fff000710 in ?? ()
#44 0x000000000636f050 in ?? ()
#45 0x0000001fff000824 in ?? ()
#46 0x0000001fff0008e0 in ?? ()
#47 0x0000001fff000720 in ?? ()
#48 0x0000000000109d13 in ?? ()
#49 0x0000095000000000 in ?? ()
#50 0x0000000005f80fd0 in ?? ()
#51 0x0000001fff000824 in ?? ()
#52 0x0000001fff0008e0 in ?? ()
#53 0x0000001fff000750 in ?? ()
#54 0x0000000000109d13 in ?? ()
#55 0x000009e800000000 in ?? ()
#56 0x000000000636eb10 in ?? ()
#57 0x0000001fff000824 in ?? ()
#58 0x0000001fff0008e0 in ?? ()
#59 0x0000001fff000780 in ?? ()
#60 0x0000000000109cf2 in ?? ()
#61 0x0000000005f80430 in ?? ()
#62 0x0000000005f80790 in ?? ()
#63 0x0000001fff000824 in ?? ()
#64 0x0000001fff0008e0 in ?? ()
#65 0x0000001fff0007b0 in ?? ()
#66 0x0000000000109cf2 in ?? ()
#67 0x0000001fff0007d0 in ?? ()
#68 0x0000000005f80370 in ?? ()
#69 0x0000001fff000824 in ?? ()
#70 0x0000001fff0008e0 in ?? ()
#71 0x0000001fff0007e0 in ?? ()
#72 0x0000000000109d13 in ?? ()
#73 0x0000094f00000000 in ?? ()
#74 0x000000000636e0f0 in ?? ()
#75 0x0000001fff000824 in ?? ()
#76 0x0000001fff0008e0 in ?? ()
#77 0x0000001fff000810 in ?? ()
#78 0x0000000000109d13 in ?? ()
#79 0x000009e800000000 in ?? ()
#80 0x0000000005f80310 in ?? ()
#81 0x0000001fff000824 in ?? ()
#82 0x0000001fff0008e0 in ?? ()
#83 0x0000001fff000840 in ?? ()
#84 0x000000000010990a in ?? ()
#85 0x0000033400000004 in ?? ()
#86 0x0000001fff0008e0 in ?? ()
#87 0x0000000000265e06 in ?? ()
#88 0x0000001fff0008c0 in ?? ()
#89 0x0000001fff000940 in ?? ()
#90 0x00000000001091c5 in ?? ()
#91 0x00000000053c3878 in ?? ()
#92 0x002dc6c1051374e6 in ?? ()
#93 0x0000000000265e06 in ?? ()
#94 0x00000000053c37a8 in ?? ()
#95 0x00000000053c3260 in ?? ()
#96 0x00000000051378b0 in ?? ()
#97 0x00000000003d3223 in ?? ()
#98 0x00000000053c38c0 in ?? ()
#99 0x00000000053c39e0 in ?? ()
