[New LWP 28029]
Core was generated by `'.
Program terminated with signal SIGSEGV, Segmentation fault.
#0  0x0000000000109932 in ?? ()
#0  0x0000000000109932 in ?? ()
#1  0x0000001fff000880 in ?? ()
#2  0x0000001fff0008a0 in ?? ()
#3  0x0000000300000003 in ?? ()
#4  0x0000000086f2f600 in ?? ()
#5  0x0000000000000003 in ?? ()
#6  0x0000000000000003 in ?? ()
#7  0x0000001fff000940 in ?? ()
#8  0x000000000010939f in ?? ()
#9  0x0000001fff0008c0 in ?? ()
#10 0x0000000000000003 in ?? ()
#11 0x000000000010d110 in ?? ()
#12 0x0000000000000003 in ?? ()
#13 0x000000000010d130 in ?? ()
#14 0x0000000000000003 in ?? ()
#15 0x0000000005d7fda0 in ?? ()
#16 0x0000000005d7fde8 in ?? ()
#17 0x0000000005d7fde8 in ?? ()
#18 0x00000000051374e6 in ?? ()
#19 0x0000000005d7ff50 in ?? ()
#20 0x0000000005d7ff68 in ?? ()
#21 0x0000000005d7ff68 in ?? ()
#22 0x00000000051378b0 in ?? ()
#23 0x0000000005d7ffb0 in ?? ()
#24 0x0000000005d7ffc8 in ?? ()
#25 0x0000000005d7ffc8 in ?? ()
#26 0x0000000005d6d628 in ?? ()
#27 0x0000000005d80010 in ?? ()
#28 0x0000000005d80028 in ?? ()
#29 0x0000000005d80028 in ?? ()
#30 0x0000000000000001 in ?? ()
#31 0x0000000005d7fc80 in ?? ()
#32 0x0000000005d7fc98 in ?? ()
#33 0x0000000005d7fc98 in ?? ()
#34 0x0000000005d7fce0 in ?? ()
#35 0x0000000005d7fcf8 in ?? ()
#36 0x0000000005d7fcf8 in ?? ()
#37 0x0000000005d7fd40 in ?? ()
#38 0x0000000005d7fd58 in ?? ()
#39 0x0000000005d7fd58 in ?? ()
#40 0xaad1e7a586f2f600 in ?? ()
#41 0x00000000040109a0 in ?? ()
#42 0x0000000000000000 in ?? ()
