==12356== Memcheck, a memory error detector
==12356== Copyright (C) 2002-2017, and GNU GPL'd, by Julian Seward et al.
==12356== Using Valgrind-3.13.0 and LibVEX; rerun with -h for copyright info
==12356== Command: /rhome/h/hhamzic1/workspace/TP/T1/Z4/.runme
==12356== Parent PID: 12349
==12356== 
==12356== 
==12356== Process terminating with default action of signal 1 (SIGHUP)
==12356==    at 0x5875152: write (write.c:27)
==12356==    by 0x57F01BC: _IO_file_write@@GLIBC_2.2.5 (fileops.c:1203)
==12356==    by 0x57F0B2E: new_do_write (fileops.c:457)
==12356==    by 0x57F0B2E: _IO_file_xsputn@@GLIBC_2.2.5 (fileops.c:1277)
==12356==    by 0x57E4976: fwrite (iofwrite.c:39)
==12356==    by 0x5151E93: std::basic_ostream<char, std::char_traits<char> >& std::__ostream_insert<char, std::char_traits<char> >(std::basic_ostream<char, std::char_traits<char> >&, char const*, long) (in /usr/lib/x86_64-linux-gnu/libstdc++.so.6.0.25)
==12356==    by 0x5152206: std::basic_ostream<char, std::char_traits<char> >& std::operator<< <std::char_traits<char> >(std::basic_ostream<char, std::char_traits<char> >&, char const*) (in /usr/lib/x86_64-linux-gnu/libstdc++.so.6.0.25)
==12356==    by 0x108BFE: main (main.cpp:13)
==12356== 
==12356== HEAP SUMMARY:
==12356==     in use at exit: 0 bytes in 0 blocks
==12356==   total heap usage: 3 allocs, 3 frees, 73,785 bytes allocated
==12356== 
==12356== All heap blocks were freed -- no leaks are possible
==12356== 
==12356== For counts of detected and suppressed errors, rerun with: -v
==12356== ERROR SUMMARY: 0 errors from 0 contexts (suppressed: 0 from 0)
