==17298== Memcheck, a memory error detector
==17298== Copyright (C) 2002-2017, and GNU GPL'd, by Julian Seward et al.
==17298== Using Valgrind-3.13.0 and LibVEX; rerun with -h for copyright info
==17298== Command: /rhome/h/hhamzic1/workspace/TP/Z3/Z3/.runme
==17298== Parent PID: 172==543== 
==543==17298== 
==17298== Process terminating with default action of signal 1 (SIGHUP)
==17298==    at 0x56EF081: read (read.c:27)
==17298==    by 0x566C147: _IO_file_underflow@@GLIBC_2.2.5 (fileops.c:531)
==17298==    by 0x566D3F1: _IO_default_uflow (genops.c:380)
==17298==    by 0x512B95C: __gnu_cxx::stdio_sync_filebuf<char, std::char_traits<char> >::underflow() (in /usr/lib/x86_64-linux-gnu/libstdc++.so.6.0.25)
==17298==    by 0x5139739: std::istream::sentry::sentry(std::istream&, bool) (in /usr/lib/x86_64-linux-gnu/libstdc++.so.6.0.25)
==17298==    by 0x513996D: std::istream::operator>>(int&) (in /usr/lib/x86_64-linux-gnu/libstdc++.so.6.0.25)
==17298==    b==543== 
==543== HEAP SUMMARY:
===17298== 
==17298== HEAP SUMMARY:
==17298==     in use at exit: 0 bytes in 0 blocks
==17298==   total heap usage: 2 allocs, 2 frees, 73,728 bytes allocated
==17298== 
==17298== All heap blocks were freed -- no leaks are possible
==17298== 
==17298== For counts of detected and suppressed errors, rerun with: -v
==17298== ERROR SUMMARY: 0 errors from 0 contexts (suppressed: 0 from 0)
