==1688== Memcheck, a memory error detector
==1688== Copyright (C) 2002-2017, and GNU GPL'd, by Julian Seward et al.
==1688== Using Valgrind-3.13.0 and LibVEX; rerun with -h for copyright info
==1688== Command: /rhome/h/hhamzic1/workspace/TP/T4/Z5/.runme
==1688== Parent PID: 1661
==1688== 
==1688== 
==1688== Process terminating with default action of signal 1 (SIGHUP)
==1688==    at 0x56EF152: write (write.c:27)
==1688==    by 0x566A1BC: _IO_file_write@@GLIBC_2.2.5 (fileops.c:1203)
==1688==    by 0x566AB2E: new_do_write (fileops.c:457)
==1688==    by 0x566AB2E: _IO_file_xsputn@@GLIBC_2.2.5 (fileops.c:1277)
==1688==    by 0x565E976: fwrite (iofwrite.c:39)
==1688==    by 0x5151E93: std::basic_ostream<char, std::char_traits<char> >& std::__ostream_insert<char, std::char_traits<char> >(std::basic_ostream<char, std::char_traits<char> >&, char const*, long) (in /usr/lib/x86_64-linux-gnu/libstdc++.so.6.0.25)
==1688==    by 0x5152206: std::basic_ostream<char, std::char_traits<char> >& std::operator<< <std::char_traits<char> >(std::basic_ostream<char, std::char_traits<char> >&, char const*) (in /usr/lib/x86_64-linux-gnu/libstdc++.so.6.0.25)
==1688==    by 0x1092C0: main (main.cpp:64)
==1688== 
==1688== HEAP SUMMARY:
==1688==     in use at exit: 0 bytes in 0 blocks
==1688==   total heap usage: 2 allocs, 2 frees, 73,728 bytes allocated
==1688== 
==1688== All heap blocks were freed -- no leaks are possible
==1688== 
==1688== For counts of detected and suppressed errors, rerun with: -v
==1688== ERROR SUMMARY: 0 errors from 0 contexts (suppressed: 0 from 0)
