==3621== Memcheck, a memory error detector
==3621== Copyright (C) 2002-2017, and GNU GPL'd, by Julian Seward et al.
==3621== Using Valgrind-3.13.0 and LibVEX; rerun with -h for copyright info
==3621== Command: /rhome/h/hhamzic1/workspace/TP/T3/Z6/.runme
==3621== Parent PID: 3576
==3621== 
==3621== 
==3621== Process terminating with default action of signal 1 (SIGHUP)
==3621==    at 0x56EF081: read (read.c:27)
==3621==    by 0x566C147: _IO_file_underflow@@GLIBC_2.2.5 (fileops.c:531)
==3621==    by 0x566D3F1: _IO_default_uflow (genops.c:380)
==3621==    by 0x512B95C: __gnu_cxx::stdio_sync_filebuf<char, std::char_traits<char> >::underflow() (in /usr/lib/x86_64-linux-gnu/libstdc++.so.6.0.25)
==3621==    by 0x5139739: std::istream::sentry::sentry(std::istream&, bool) (in /usr/lib/x86_64-linux-gnu/libstdc++.so.6.0.25)
==3621==    by 0x513996D: std::istream::operator>>(int&) (in /usr/lib/x86_64-linux-gnu/libstdc++.so.6.0.25)
==3621==    by 0x10917B: main (main.cpp:60)
==3621== 
==3621== HEAP SUMMARY:
==3621==     in use at exit: 0 bytes in 0 blocks
==3621==   total heap usage: 2 allocs, 2 frees, 73,728 bytes allocated
==3621== 
==3621== All heap blocks were freed -- no leaks are possible
==3621== 
==3621== For counts of detected and suppressed errors, rerun with: -v
==3621== ERROR SUMMARY: 0 errors from 0 contexts (suppressed: 0 from 0)
