==20388== Memcheck, a memory error detector
==20388== Copyright (C) 2002-2017, and GNU GPL'd, by Julian Seward et al.
==20388== Using Valgrind-3.13.0 and LibVEX; rerun with -h for copyright info
==20388== Command: /rhome/h/hhamzic1/workspace/TP/Z2/Z3/.runme
==20388== Parent PID: 20370
==20388== 
==20388== 
==20388== Process terminating with default action of signal 1 (SIGHUP)
==20388==    at 0x56EF081: read (read.c:27)
==20388==    by 0x566C147: _IO_file_underflow@@GLIBC_2.2.5 (fileops.c:531)
==20388==    by 0x566D3F1: _IO_default_uflow (genops.c:380)
==20388==    by 0x512B95C: __gnu_cxx::stdio_sync_filebuf<char, std::char_traits<char> >::underflow() (in /usr/lib/x86_64-linux-gnu/libstdc++.so.6.0.25)
==20388==    by 0x5139739: std::istream::sentry::sentry(std::istream&, bool) (in /usr/lib/x86_64-linux-gnu/libstdc++.so.6.0.25)
==20388==    by 0x513996D: std::istream::operator>>(int&) (in /usr/lib/x86_64-linux-gnu/libstdc++.so.6.0.25)
==20388==    by 0x108D7D: main (main.cpp:91)
==20388== 
==20388== HEAP SUMMARY:
==20388==     in use at exit: 0 bytes in 0 blocks
==20388==   total heap usage: 2 allocs, 2 frees, 73,728 bytes allocated
==20388== 
==20388== All heap blocks were freed -- no leaks are possible
==20388== 
==20388== For counts of detected and suppressed errors, rerun with: -v
==20388== ERROR SUMMARY: 0 errors from 0 contexts (suppressed: 0 from 0)
