==2077== Memcheck, a memory error detector
==2077== Copyright (C) 2002-2017, and GNU GPL'd, by Julian Seward et al.
==2077== Using Valgrind-3.13.0 and LibVEX; rerun with -h for copyright info
==2077== Command: /rhome/h/hhamzic1/workspace/TP/Z2/Z5/.runme
==2077== Parent PID: 2070
==2077== 
==2077== 
==2077== Process terminating with default action of signal 1 (SIGHUP)
==2077==    at 0x56EF081: read (read.c:27)
==2077==    by 0x566C147: _IO_file_underflow@@GLIBC_2.2.5 (fileops.c:531)
==2077==    by 0x566D3F1: _IO_default_uflow (genops.c:380)
==2077==    by 0x512B95C: __gnu_cxx::stdio_sync_filebuf<char, std::char_traits<char> >::underflow() (in /usr/lib/x86_64-linux-gnu/libstdc++.so.6.0.25)
==2077==    by 0x50E9F48: std::basic_istream<char, std::char_traits<char> >& std::getline<char, std::char_traits<char>, std::allocator<char> >(std::basic_istream<char, std::char_traits<char> >&, std::__cxx11::basic_string<char, std::char_traits<char>, std::allocator<char> >&, char) (in /usr/lib/x86_64-linux-gnu/libstdc++.so.6.0.25)
==2077==    by 0x1092E3: main (main.cpp:37)
==2077== 
==2077== HEAP SUMMARY:
==2077==     in use at exit: 0 bytes in 0 blocks
==2077==   total heap usage: 2 allocs, 2 frees, 73,728 bytes allocated
==2077== 
==2077== All heap blocks were freed -- no leaks are possible
==2077== 
==2077== For counts of detected and suppressed errors, rerun with: -v
==2077== ERROR SUMMARY: 0 errors from 0 contexts (suppressed: 0 from 0)
