==1761== Memcheck, a memory error detector
==1761== Copyright (C) 2002-2017, and GNU GPL'd, by Julian Seward et al.
==1761== Using Valgrind-3.13.0 and LibVEX; rerun with -h for copyright info
==1761== Command: /rhome/h/hhamzic1/workspace/TP/T3/Z7/.runme
==1761== Parent PID: 1754
==1761== 
==1761== 
==1761== Process terminating with default action of signal 1 (SIGHUP)
==1761==    at 0x56EF081: read (read.c:27)
==1761==    by 0x566C147: _IO_file_underflow@@GLIBC_2.2.5 (fileops.c:531)
==1761==    by 0x566D3F1: _IO_default_uflow (genops.c:380)
==1761==    by 0x512B95C: __gnu_cxx::stdio_sync_filebuf<char, std::char_traits<char> >::underflow() (in /usr/lib/x86_64-linux-gnu/libstdc++.so.6.0.25)
==1761==    by 0x5139739: std::istream::sentry::sentry(std::istream&, bool) (in /usr/lib/x86_64-linux-gnu/libstdc++.so.6.0.25)
==1761==    by 0x513996D: std::istream::operator>>(int&) (in /usr/lib/x86_64-linux-gnu/libstdc++.so.6.0.25)
==1761==    by 0x10943C: main (main.cpp:71)
==1761== 
==1761== HEAP SUMMARY:
==1761==     in use at exit: 0 bytes in 0 blocks
==1761==   total heap usage: 2 allocs, 2 frees, 73,728 bytes allocated
==1761== 
==1761== All heap blocks were freed -- no leaks are possible
==1761== 
==1761== For counts of detected and suppressed errors, rerun with: -v
==1761== ERROR SUMMARY: 0 errors from 0 contexts (suppressed: 0 from 0)
