[New LWP 14822]
Core was generated by `'.
Program terminated with signal SIGXCPU, CPU time limit exceeded.
#0  0x00000000001091fe in ?? ()
#0  0x00000000001091fe in ?? ()
#1  0x00000000001093f8 in ?? ()
#2  0x0000001fff0007f0 in ?? ()
#3  0x0000001fff000810 in ?? ()
#4  0x0000000005e126a8 in ?? ()
#5  0x0000000d00001000 in ?? ()
#6  0x0000000005e126a8 in ?? ()
#7  0x03eea940a512b400 in ?? ()
#8  0x0000001fff000830 in ?? ()
#9  0x000000000010960b in ?? ()
#10 0x000000000000044d in ?? ()
#11 0x0000001fff000870 in ?? ()
#12 0x0000000005e126a8 in ?? ()
#13 0x000000000000000d in ?? ()
#14 0x00000001ff000860 in ?? ()
#15 0x03eea940a512b400 in ?? ()
#16 0x0000001fff0008b0 in ?? ()
#17 0x0000000000108d3a in ?? ()
#18 0x0000000005dc5ae8 in ?? ()
#19 0x00000a03ff000910 in ?? ()
#20 0x0000044d05d954e0 in ?? ()
#21 0x0000003700000033 in ?? ()
#22 0x0000000005e126a8 in ?? ()
#23 0x0000000000001000 in main () at /rhome/h/hhamzic1/workspace/TP/T2/Z1/main.cpp:53
Backtrace stopped: previous frame inner to this frame (corrupt stack?)
