==2304== Memcheck, a memory error detector
==2304== Copyright (C) 2002-2017, and GNU GPL'd, by Julian Seward et al.
==2304== Using Valgrind-3.13.0 and LibVEX; rerun with -h for copyright info
==2304== Command: /rhome/h/hhamzic1/workspace/TP/Z4/Z4/.runme
==2304== Parent PID: 2297
==2304== 
==2304== 
==2304== Process terminating with default action of signal 1 (SIGHUP)
==2304==    at 0x56EF152: write (write.c:27)
==2304==    by 0x566A1BC: _IO_file_write@@GLIBC_2.2.5 (fileops.c:1203)
==2304==    by 0x566AB2E: new_do_write (fileops.c:457)
==2304==    by 0x566AB2E: _IO_file_xsputn@@GLIBC_2.2.5 (fileops.c:1277)
==2304==    by 0x565E976: fwrite (iofwrite.c:39)
==2304==    by 0x5151E93: std::basic_ostream<char, std::char_traits<char> >& std::__ostream_insert<char, std::char_traits<char> >(std::basic_ostream<char, std::char_traits<char> >&, char const*, long) (in /usr/lib/x86_64-linux-gnu/libstdc++.so.6.0.25)
==2304==    by 0x5152206: std::basic_ostream<char, std::char_traits<char> >& std::operator<< <std::char_traits<char> >(std::basic_ostream<char, std::char_traits<char> >&, char const*) (in /usr/lib/x86_64-linux-gnu/libstdc++.so.6.0.25)
==2304==    by 0x10B426: main (main.cpp:446)
==2304== 
==2304== HEAP SUMMARY:
==2304==     in use at exit: 217 bytes in 3 blocks
==2304==   total heap usage: 12 allocs, 9 frees, 74,249 bytes allocated
==2304== 
==2304== 144 bytes in 1 blocks are possibly lost in loss record 3 of 3
==2304==    at 0x4C2FB0F: malloc (in /usr/lib/valgrind/vgpreload_memcheck-amd64-linux.so)
==2304==    by 0x50CF83F: __cxa_allocate_exception (in /usr/lib/x86_64-linux-gnu/libstdc++.so.6.0.25)
==2304==    by 0x10C075: Pregledi::ObrisiNajranijiPregled() (main.cpp:188)
==2304==    by 0x10AFE6: main (main.cpp:429)
==2304== 
==2304== LEAK SUMMARY:
==2304==    definitely lost: 0 bytes in 0 blocks
==2304==    indirectly lost: 0 bytes in 0 blocks
==2304==      possibly lost: 144 bytes in 1 blocks
==2304==    still reachable: 73 bytes in 2 blocks
==2304==                       of which reachable via heuristic:
==2304==                         stdstring          : 41 bytes in 1 blocks
==2304==         suppressed: 0 bytes in 0 blocks
==2304== Reachable blocks (those to which a pointer was found) are not shown.
==2304== To see them, rerun with: --leak-check=full --show-leak-kinds=all
==2304== 
==2304== For counts of detected and suppressed errors, rerun with: -v
==2304== ERROR SUMMARY: 1 errors from 1 contexts (suppressed: 0 from 0)
