[New LWP 27957]
Core was generated by `'.
Program terminated with signal SIGSEGV, Segmentation fault.
#0  0x000000000010ae09 in ?? ()
#0  0x000000000010ae09 in ?? ()
#1  0x0000001fff000720 in ?? ()
#2  0x4008000000000000 in ?? ()
#3  0x0000001fff000860 in ?? ()
#4  0x0000001fff000880 in ?? ()
#5  0x0000000000000001 in ?? ()
#6  0x0000000000000001 in ?? ()
#7  0x0000000000000003 in ?? ()
#8  0x000000000010ba2f in ?? ()
#9  0x4008000000000000 in ?? ()
#10 0x3d1bf36ae31d6e46 in ?? ()
#11 0x4030000000000000 in ?? ()
#12 0xef994feee56cef00 in ?? ()
#13 0x0000000005d80790 in ?? ()
#14 0x0000000005d807d8 in ?? ()
#15 0x0000000005d807d8 in ?? ()
#16 0x0000000000000000 in ?? ()
