==13350== Memcheck, a memory error detector
==13350== Copyright (C) 2002-2017, and GNU GPL'd, by Julian Seward et al.
==13350== Using Valgrind-3.13.0 and LibVEX; rerun with -h for copyright info
==13350== Command: /rhome/h/hhamzic1/workspace/TP/T1/Z2/.runme
==13350== Parent PID: 13327
==13350== 
==13350== 
==13350== Process terminating with default action of signal 1 (SIGHUP)
==13350==    at 0x5875081: read (read.c:27)
==13350==    by 0x57F2147: _IO_file_underflow@@GLIBC_2.2.5 (fileops.c:531)
==13350==    by 0x57F33F1: _IO_default_uflow (genops.c:380)
==13350==    by 0x512B95C: __gnu_cxx::stdio_sync_filebuf<char, std::char_traits<char> >::underflow() (in /usr/lib/x86_64-linux-gnu/libstdc++.so.6.0.25)
==13350==    by 0x5139739: std::istream::sentry::sentry(std::istream&, bool) (in /usr/lib/x86_64-linux-gnu/libstdc++.so.6.0.25)
==13350==    by 0x513BCCD: std::istream& std::istream::_M_extract<double>(double&) (in /usr/lib/x86_64-linux-gnu/libstdc++.so.6.0.25)
==13350==    by 0x108A7D: main (main.cpp:8)
==13350== 
==13350== HEAP SUMMARY:
==13350==     in use at exit: 0 bytes in 0 blocks
==13350==   total heap usage: 2 allocs, 2 frees, 73,728 bytes allocated
==13350== 
==13350== All heap blocks were freed -- no leaks are possible
==13350== 
==13350== For counts of detected and suppressed errors, rerun with: -v
==13350== ERROR SUMMARY: 0 errors from 0 contexts (suppressed: 0 from 0)
