==32331== Memcheck, a memory error detector
==32331== Copyright (C) 2002-2017, and GNU GPL'd, by Julian Seward et al.
==32331== Using Valgrind-3.13.0 and LibVEX; rerun with -h for copyright info
==32331== Command: /rhome/h/hhamzic1/workspace/OR/Z2/Z4/.runme
==32331== Parent PID: 32316
==32331== 
==32331== 
==32331== Process terminating with default action of signal 1 (SIGHUP)
==32331==    at 0x514E081: read (read.c:27)
==32331==    by 0x50CB147: _IO_file_underflow@@GLIBC_2.2.5 (fileops.c:531)
==32331==    by 0x50CC3F1: _IO_default_uflow (genops.c:380)
==32331==    by 0x50A9BE9: _IO_vfscanf (vfscanf.c:630)
==32331==    by 0x50B9FD7: __isoc99_scanf (isoc99_scanf.c:37)
==32331==    by 0x108869: main (main.c:11)
==32331== 
==32331== HEAP SUMMARY:
==32331==     in use at exit: 0 bytes in 0 blocks
==32331==   total heap usage: 1 allocs, 1 frees, 1,024 bytes allocated
==32331== 
==32331== All heap blocks were freed -- no leaks are possible
==32331== 
==32331== For counts of detected and suppressed errors, rerun with: -v
==32331== ERROR SUMMARY: 0 errors from 0 contexts (suppressed: 0 from 0)
