==15106== Memcheck, a memory error detector
==15106== Copyright (C) 2002-2017, and GNU GPL'd, by Julian Seward et al.
==15106== Using Valgrind-3.13.0 and LibVEX; rerun with -h for copyright info
==15106== Command: /rhome/h/hhamzic1/workspace/ASP/Z1/Z1/.runme
==15106== Parent PID: 15097
==15106== 
==15106== 
==15106== HEAP SUMMARY:
==15106==     in use at exit: 9,760 bytes in 304 blocks
==15106==   total heap usage: 717 allocs, 413 frees, 96,315 bytes allocated
==15106== 
==15106== 40 bytes in 1 blocks are definitely lost in loss record 8 of 15
==15106==    at 0x4C3017F: operator new(unsigned long) (in /usr/lib/valgrind/vgpreload_memcheck-amd64-linux.so)
==15106==    by 0x109553: testIzuzeci() (main.cpp:438)
==15106==    by 0x109843: main (main.cpp:489)
==15106== 
==15106== 3,240 (40 direct, 3,200 indirect) bytes in 1 blocks are definitely lost in loss record 13 of 15
==15106==    at 0x4C3017F: operator new(unsigned long) (in /usr/lib/valgrind/vgpreload_memcheck-amd64-linux.so)
==15106==    by 0x10917D: testMaksimuma() (main.cpp:373)
==15106==    by 0x10979F: main (main.cpp:483)
==15106== 
==15106== 3,240 (40 direct, 3,200 indirect) bytes in 1 blocks are definitely lost in loss record 14 of 15
==15106==    at 0x4C3017F: operator new(unsigned long) (in /usr/lib/valgrind/vgpreload_memcheck-amd64-linux.so)
==15106==    by 0x10917D: testMaksimuma() (main.cpp:373)
==15106==    by 0x1097A4: main (main.cpp:486)
==15106== 
==15106== 3,240 (40 direct, 3,200 indirect) bytes in 1 blocks are definitely lost in loss record 15 of 15
==15106==    at 0x4C3017F: operator new(unsigned long) (in /usr/lib/valgrind/vgpreload_memcheck-amd64-linux.so)
==15106==    by 0x1093BE: test() (main.cpp:409)
==15106==    by 0x1097EA: main (main.cpp:487)
==15106== 
==15106== LEAK SUMMARY:
==15106==    definitely lost: 160 bytes in 4 blocks
==15106==    indirectly lost: 9,600 bytes in 300 blocks
==15106==      possibly lost: 0 bytes in 0 blocks
==15106==    still reachable: 0 bytes in 0 blocks
==15106==         suppressed: 0 bytes in 0 blocks
==15106== 
==15106== For counts of detected and suppressed errors, rerun with: -v
==15106== ERROR SUMMARY: 4 errors from 4 contexts (suppressed: 0 from 0)
