==9508== Memcheck, a memory error detector
==9508== Copyright (C) 2002-2017, and GNU GPL'd, by Julian Seward et al.
==9508== Using Valgrind-3.13.0 and LibVEX; rerun with -h for copyright info
==9508== Command: /rhome/h/hhamzic1/workspace/OR/Z1/Z3/.runme
==9508== Parent PID: 9504
==9508== 
==9508== 
==9508== Process terminating with default action of signal 15 (SIGTERM)
==9508==    at 0x514E081: read (read.c:27)
==9508==    by 0x50CB147: _IO_file_underflow@@GLIBC_2.2.5 (fileops.c:531)
==9508==    by 0x50CC3F1: _IO_default_uflow (genops.c:380)
==9508==    by 0x50A9BE9: _IO_vfscanf (vfscanf.c:630)
==9508==    by 0x50B9FD7: __isoc99_scanf (isoc99_scanf.c:37)
==9508==    by 0x109522: main (main.c:166)
==9508== 
==9508== HEAP SUMMARY:
==9508==     in use at exit: 0 bytes in 0 blocks
==9508==   total heap usage: 1 allocs, 1 frees, 1,024 bytes allocated
==9508== 
==9508== All heap blocks were freed -- no leaks are possible
==9508== 
==9508== For counts of detected and suppressed errors, rerun with: -v
==9508== ERROR SUMMARY: 0 errors from 0 contexts (suppressed: 0 from 0)
